<?xml version="1.0" encoding="UTF-8"?>
<!-- Generated by org.testng.reporters.JUnitReportReporter -->
<testsuite hostname="Swati" failures="0" tests="3" name="swatikagalkaracademy.Tests.SubmitOrderTest" time="25.385" errors="0" timestamp="2024-10-23T11:18:12 IST" skipped="0">
  <testcase classname="swatikagalkaracademy.Tests.SubmitOrderTest" name="submitOrder" time="5.120"/>
  <system-out/>
  <testcase classname="swatikagalkaracademy.Tests.SubmitOrderTest" name="OrderHistory" time="3.172"/>
  <system-out/>
  <testcase classname="swatikagalkaracademy.Tests.SubmitOrderTest" name="submitOrder" time="17.093"/>
  <system-out/>
</testsuite> <!-- swatikagalkaracademy.Tests.SubmitOrderTest -->
