<?xml version="1.0" encoding="UTF-8"?>
<!-- Generated by org.testng.reporters.JUnitReportReporter -->
<testsuite hostname="Swati" failures="0" tests="2" name="swatikagalkaracademy.Tests.SubmitOrderTest" time="41.909" errors="0" timestamp="2024-10-23T12:13:16 IST" skipped="0">
  <testcase classname="swatikagalkaracademy.Tests.SubmitOrderTest" name="submitOrder" time="22.715"/>
  <testcase classname="swatikagalkaracademy.Tests.SubmitOrderTest" name="submitOrder" time="19.194"/>
</testsuite> <!-- swatikagalkaracademy.Tests.SubmitOrderTest -->
